C51 COMPILER V9.52.0.0   I2C                                                               10/18/2018 17:40:31 PAGE 1   


C51 COMPILER V9.52.0.0, COMPILATION OF MODULE I2C
OBJECT MODULE PLACED IN I2C.OBJ
COMPILER INVOKED BY: C:\Program Files\C51\BIN\C51.EXE I2C.c LARGE BROWSE DEBUG OBJECTEXTEND TABS(2)

line level    source

   1          
   2          /*---------------------------------------------------------------------*/
   3          /* --- STC MCU International Limited ----------------------------------*/
   4          /* --- STC 1T Series MCU Demo Programme -------------------------------*/
   5          /* --- Mobile: (86)13922805190 ----------------------------------------*/
   6          /* --- Fax: 86-0513-55012956,55012947,55012969 ------------------------*/
   7          /* --- Tel: 86-0513-55012928,55012929,55012966 ------------------------*/
   8          /* --- Web: www.GXWMCU.com --------------------------------------------*/
   9          /* --- QQ:  800003751 -------------------------------------------------*/
  10          /* 如果要在程序中使用此代码,请在程序中注明使用了宏晶科技的资料及程序   */
  11          /*---------------------------------------------------------------------*/
  12          
  13          
  14          //编写 Coody  2005-4-12
  15          
  16          #include  "I2C.h"
  17          
  18          sbit  SDA = P1^3; //定义SDA  PIN5
  19          sbit  SCL = P1^4; //定义SCL  PIN6
  20          u8 flag;
  21          
  22          /****************************/
  23          void  I2C_Delay(void) //for normal MCS51, delay (2 * dly + 4) T, for STC12Cxxxx delay (4 * dly + 10) T
  24          {
  25   1        u8  dly;
  26   1        dly = MAIN_Fosc / 2000000UL;    //按2us计算
  27   1        while(--dly)  ;
  28   1      }
  29          
  30          
  31          /****************************/
  32          void I2C_Start(void)               //start the I2C, SDA High-to-low when SCL is high
  33          {
  34   1        SDA = 1;
  35   1        I2C_Delay();
  36   1        SCL = 1;
  37   1        I2C_Delay();
  38   1        SDA = 0;
  39   1        I2C_Delay();
  40   1        SCL = 0;
  41   1        I2C_Delay();
  42   1      }   
  43          
  44          
  45          void I2C_Stop(void)         //STOP the I2C, SDA Low-to-high when SCL is high
  46          {
  47   1        SDA = 0;
  48   1        I2C_Delay();
  49   1        SCL = 1;
  50   1        I2C_Delay();
  51   1        SDA = 1;
  52   1        I2C_Delay();
  53   1      }
  54          
  55          void S_ACK(void)              //Send ACK (LOW)
C51 COMPILER V9.52.0.0   I2C                                                               10/18/2018 17:40:31 PAGE 2   

  56          {
  57   1        SDA = 0;
  58   1        I2C_Delay();
  59   1        SCL = 1;
  60   1        I2C_Delay();
  61   1        SCL = 0;
  62   1        I2C_Delay();
  63   1      }
  64          
  65          void S_NoACK(void)           //Send No ACK (High)
  66          {
  67   1        SDA = 1;
  68   1        I2C_Delay();
  69   1        SCL = 1;
  70   1        I2C_Delay();
  71   1        SCL = 0;
  72   1        I2C_Delay();
  73   1      }
  74              
  75          void I2C_Check_ACK(void)         //Check ACK, If flag=0, then right, if flag=1, then error
  76          {
  77   1        SDA = 1;
  78   1        I2C_Delay();
  79   1        SCL = 1;
  80   1        I2C_Delay();
  81   1        flag  = SDA;
  82   1        SCL = 0;
  83   1        I2C_Delay();
  84   1      }
  85          
  86          /****************************/
  87          void I2C_WriteAbyte(u8 dat)   //write a byte to I2C
  88          {
  89   1        u8 i;
  90   1        i = 8;
  91   1        do
  92   1        {
  93   2          if(dat & 0x80)  SDA = 1;
  94   2          else      SDA = 0;
  95   2          dat <<= 1;
  96   2          I2C_Delay();
  97   2          SCL = 1;
  98   2          I2C_Delay();
  99   2          SCL = 0;
 100   2          I2C_Delay();
 101   2        }
 102   1        while(--i);
 103   1      }
 104          
 105          /****************************/
 106          u8 I2C_ReadAbyte(void)      //read A byte from I2C
 107          {
 108   1        u8 i,dat;
 109   1        i = 8;
 110   1        SDA = 1;
 111   1        do
 112   1        {
 113   2          SCL = 1;
 114   2          I2C_Delay();
 115   2          dat <<= 1;
 116   2          if(SDA)   dat++;
 117   2          SCL  = 0;
C51 COMPILER V9.52.0.0   I2C                                                               10/18/2018 17:40:31 PAGE 3   

 118   2          I2C_Delay();
 119   2        }
 120   1        while(--i);
 121   1        return(dat);
 122   1      }
 123          
 124          /****************************/
 125          void WriteNbyte(u8 device_addr,u8 addr, u8 *p, char number)     /*  WordAddress,First Data Address,Byte lenth
             -  */
 126                                                    //flag=0,right, flag=1,error
 127          {
 128   1        I2C_Start();
 129   1        I2C_WriteAbyte(device_addr);
 130   1        I2C_Check_ACK();
 131   1        if(!flag)
 132   1        {
 133   2          I2C_WriteAbyte(addr);
 134   2          I2C_Check_ACK();
 135   2          if(!flag)
 136   2          {
 137   3            do
 138   3            {
 139   4              I2C_WriteAbyte(*p);   p++;
 140   4              I2C_Check_ACK();
 141   4              if(flag)
 142   4                break;
 143   4            }
 144   3            while(--number);
 145   3          }
 146   2        }
 147   1        I2C_Stop();
 148   1      }
 149          
 150          
 151          /****************************/
 152          void ReadNbyte(u8 device_addr, u8 addr, u8 *p, char number)       /*  WordAddress,First Data Address,Byte lent
             -h  */
 153                                                    //flag=0,right, flag=1,error
 154          {
 155   1        I2C_Start();
 156   1        I2C_WriteAbyte(device_addr);
 157   1        I2C_Check_ACK();
 158   1        if(!flag)
 159   1        {
 160   2          I2C_WriteAbyte(addr);
 161   2          I2C_Check_ACK();
 162   2          if(!flag)
 163   2          {
 164   3            I2C_Start();
 165   3            I2C_WriteAbyte(device_addr+1);
 166   3            I2C_Check_ACK();
 167   3            if(!flag)
 168   3            {
 169   4              do
 170   4              {
 171   5                *p = I2C_ReadAbyte(); p++;
 172   5                if(number != 1)   S_ACK();  //send ACK
 173   5              }
 174   4              while(--number);
 175   4              S_NoACK();      //send no ACK
 176   4            }
 177   3          }
C51 COMPILER V9.52.0.0   I2C                                                               10/18/2018 17:40:31 PAGE 4   

 178   2        }
 179   1        I2C_Stop();
 180   1      }
 181          
 182          
 183          /****************************/
 184          void ina219_Write_Register(u8 device_addr, u8 reg, u16 dat)
 185          {
 186   1          unsigned char val[2];
 187   1          
 188   1          val[0] = (unsigned char)(dat >> 8);
 189   1          val[1] = (unsigned char)(dat & 0xFF);
 190   1          WriteNbyte(device_addr, reg, val, 2);
 191   1      }
 192          
 193          void ina219_Read_Register(u8 device_addr, u8 reg, s16 *dat)
 194          {
 195   1          //printf("read reg == %d\r\n",reg);
 196   1        unsigned char val[2];
 197   1        
 198   1        ReadNbyte(device_addr, reg, val, 2);
 199   1        *dat = ((unsigned int)(val[0]) << 8) + val[1];
 200   1        
 201   1          //printf("data1 == %x\r\n",val[0]);
 202   1          //printf("data2 == %x\r\n",val[1]);
 203   1          
 204   1      }
 205          
 206          
 207          void WriteNbyte_Init(u8 device_addr,u8 addr, u8 *p, char number)      /*  WordAddress,First Data Address,Byte 
             -lenth  */
 208                                                    //flag=0,right, flag=1,error
 209          {
 210   1        I2C_Start();
 211   1        I2C_WriteAbyte(device_addr);
 212   1        I2C_Check_ACK();
 213   1        if(!flag)
 214   1        {
 215   2          I2C_WriteAbyte(addr);
 216   2          I2C_Check_ACK();
 217   2          if(!flag)
 218   2          {
 219   3            do
 220   3            {
 221   4              I2C_WriteAbyte(*p);   p++;
 222   4              I2C_Check_ACK();
 223   4              if(flag)
 224   4                break;
 225   4            }
 226   3            while(--number);
 227   3          }
 228   2        }
 229   1        I2C_Stop();
 230   1      }
 231          
 232          void ina219_Write_Register_Init(u8 device_addr, u8 reg, u16 dat)
 233          {
 234   1          unsigned char val[2];
 235   1          
 236   1          val[0] = (unsigned char)(dat >> 8);
 237   1          val[1] = (unsigned char)(dat & 0xFF);
 238   1          WriteNbyte_Init(device_addr, reg, val, 2);
C51 COMPILER V9.52.0.0   I2C                                                               10/18/2018 17:40:31 PAGE 5   

 239   1      }


MODULE INFORMATION:   STATIC OVERLAYABLE
   CODE SIZE        =    456    ----
   CONSTANT SIZE    =   ----    ----
   XDATA SIZE       =      1      27
   PDATA SIZE       =   ----    ----
   DATA SIZE        =   ----    ----
   IDATA SIZE       =   ----    ----
   BIT SIZE         =   ----    ----
END OF MODULE INFORMATION.


C51 COMPILATION COMPLETE.  0 WARNING(S),  0 ERROR(S)
