C51 COMPILER V9.52.0.0   MODE                                                              10/18/2018 17:40:32 PAGE 1   


C51 COMPILER V9.52.0.0, COMPILATION OF MODULE MODE
OBJECT MODULE PLACED IN mode.OBJ
COMPILER INVOKED BY: C:\Program Files\C51\BIN\C51.EXE mode.c LARGE BROWSE DEBUG OBJECTEXTEND TABS(2)

line level    source

   1          #include "mode.h"
   2          
   3          u16 mode_status;
   4          
   5          u8 get_mode(u8 mode)
   6          {
   7   1        if(mode_status & (0x01 << mode))
   8   1          return 1;
   9   1        else
  10   1          return 0;
  11   1      }
  12          
  13          void set_mode(u8 mode)
  14          {
  15   1        mode_status |= 0x01 << mode;
  16   1      }
  17          
  18          void reset_mode(u8 mode)
  19          {
  20   1        mode_status &= ~(0x01 << mode);
  21   1      }


MODULE INFORMATION:   STATIC OVERLAYABLE
   CODE SIZE        =     95    ----
   CONSTANT SIZE    =   ----    ----
   XDATA SIZE       =      2    ----
   PDATA SIZE       =   ----    ----
   DATA SIZE        =   ----    ----
   IDATA SIZE       =   ----    ----
   BIT SIZE         =   ----    ----
END OF MODULE INFORMATION.


C51 COMPILATION COMPLETE.  0 WARNING(S),  0 ERROR(S)
